actionid: tox
msg: packaging
cmdargs: ['/usr/bin/python', local('/home/jstejska/Projects/Red_Hat/interconnect-topology-generator/qdrouterd-jinja2/setup.py'), 'sdist', '--formats=zip', '--dist-dir', local('/home/jstejska/Projects/Red_Hat/interconnect-topology-generator/qdrouterd-jinja2/.tox/dist')]

/usr/lib/python2.7/distutils/dist.py:267: UserWarning: Unknown distribution option: 'python_requires'
  warnings.warn(msg)
zip_safe flag not set; analyzing archive contents...

Installed /home/jstejska/Projects/Red_Hat/interconnect-topology-generator/qdrouterd-jinja2/.eggs/pytest_runner-2.12.1-py2.7.egg
running sdist
running egg_info
creating qdrouterd_jinja2.egg-info
writing qdrouterd_jinja2.egg-info/PKG-INFO
writing top-level names to qdrouterd_jinja2.egg-info/top_level.txt
writing dependency_links to qdrouterd_jinja2.egg-info/dependency_links.txt
writing entry points to qdrouterd_jinja2.egg-info/entry_points.txt
writing manifest file 'qdrouterd_jinja2.egg-info/SOURCES.txt'
reading manifest file 'qdrouterd_jinja2.egg-info/SOURCES.txt'
writing manifest file 'qdrouterd_jinja2.egg-info/SOURCES.txt'
warning: sdist: standard file not found: should have one of README, README.rst, README.txt

running check
creating qdrouterd-jinja2-0.1.1
creating qdrouterd-jinja2-0.1.1/qdrouterdJinja2
creating qdrouterd-jinja2-0.1.1/qdrouterd_jinja2.egg-info
making hard links in qdrouterd-jinja2-0.1.1...
hard linking setup.cfg -> qdrouterd-jinja2-0.1.1
hard linking setup.py -> qdrouterd-jinja2-0.1.1
hard linking qdrouterdJinja2/Jinja2Writer.py -> qdrouterd-jinja2-0.1.1/qdrouterdJinja2
hard linking qdrouterdJinja2/__init__.py -> qdrouterd-jinja2-0.1.1/qdrouterdJinja2
hard linking qdrouterdJinja2/__main__.py -> qdrouterd-jinja2-0.1.1/qdrouterdJinja2
hard linking qdrouterdJinja2/qdrouterdJinja2.py -> qdrouterd-jinja2-0.1.1/qdrouterdJinja2
hard linking qdrouterd_jinja2.egg-info/PKG-INFO -> qdrouterd-jinja2-0.1.1/qdrouterd_jinja2.egg-info
hard linking qdrouterd_jinja2.egg-info/SOURCES.txt -> qdrouterd-jinja2-0.1.1/qdrouterd_jinja2.egg-info
hard linking qdrouterd_jinja2.egg-info/dependency_links.txt -> qdrouterd-jinja2-0.1.1/qdrouterd_jinja2.egg-info
hard linking qdrouterd_jinja2.egg-info/entry_points.txt -> qdrouterd-jinja2-0.1.1/qdrouterd_jinja2.egg-info
hard linking qdrouterd_jinja2.egg-info/top_level.txt -> qdrouterd-jinja2-0.1.1/qdrouterd_jinja2.egg-info
copying setup.cfg -> qdrouterd-jinja2-0.1.1
Writing qdrouterd-jinja2-0.1.1/setup.cfg
creating .tox/dist
creating '.tox/dist/qdrouterd-jinja2-0.1.1.zip' and adding 'qdrouterd-jinja2-0.1.1' to it
adding 'qdrouterd-jinja2-0.1.1/setup.py'
adding 'qdrouterd-jinja2-0.1.1/PKG-INFO'
adding 'qdrouterd-jinja2-0.1.1/setup.cfg'
adding 'qdrouterd-jinja2-0.1.1/qdrouterdJinja2/__init__.py'
adding 'qdrouterd-jinja2-0.1.1/qdrouterdJinja2/qdrouterdJinja2.py'
adding 'qdrouterd-jinja2-0.1.1/qdrouterdJinja2/Jinja2Writer.py'
adding 'qdrouterd-jinja2-0.1.1/qdrouterdJinja2/__main__.py'
adding 'qdrouterd-jinja2-0.1.1/qdrouterd_jinja2.egg-info/SOURCES.txt'
adding 'qdrouterd-jinja2-0.1.1/qdrouterd_jinja2.egg-info/dependency_links.txt'
adding 'qdrouterd-jinja2-0.1.1/qdrouterd_jinja2.egg-info/entry_points.txt'
adding 'qdrouterd-jinja2-0.1.1/qdrouterd_jinja2.egg-info/PKG-INFO'
adding 'qdrouterd-jinja2-0.1.1/qdrouterd_jinja2.egg-info/top_level.txt'
removing 'qdrouterd-jinja2-0.1.1' (and everything under it)
